<?xml version="1.0" encoding="UTF-8"?>
<!-- Generated by org.testng.reporters.JUnitXMLReporter -->
<testsuite hostname="A7214" ignored="0" name="Surefire test" tests="3" failures="0" timestamp="29 Sep 2019 20:35:04 GMT" time="33.979" errors="0">
  <testcase name="clickOnLogin" time="3.819" classname="com.Rydo.RydoPageTest"/>
  <testcase name="doLogin" time="7.44" classname="com.Rydo.RydoPageTest"/>
  <testcase name="clickOnManualExpense" time="0.002" classname="com.Rydo.RydoPageTest"/>
</testsuite> <!-- Surefire test -->
