<?xml version="1.0" encoding="UTF-8"?>
<!-- Generated by org.testng.reporters.JUnitXMLReporter -->
<testsuite hostname="A7214" ignored="0" name="Default test" tests="3" failures="0" timestamp="29 Sep 2019 18:59:45 GMT" time="26.537" errors="0">
  <testcase name="clickOnLogin" time="2.372" classname="com.Rydo.RydoPageTest"/>
  <testcase name="doLogin" time="7.738" classname="com.Rydo.RydoPageTest"/>
  <testcase name="clickOnManualExpense" time="0.009" classname="com.Rydo.RydoPageTest"/>
</testsuite> <!-- Default test -->
